<?xml version="1.0" encoding="UTF-8"?>
<testng-results skipped="0" failed="1" ignored="1" total="2" passed="0">
  <reporter-output>
  </reporter-output>
  <suite name="Suite1" duration-ms="125" started-at="2019-03-20T11:46:24Z" finished-at="2019-03-20T11:46:24Z">
    <groups>
      <group name="smoke">
        <method signature="FirstTestCase.firstTest()[pri:0, instance:unitTest.FirstTestCase@17c68925]" name="firstTest" class="unitTest.FirstTestCase"/>
      </group> <!-- smoke -->
    </groups>
    <test name="test2" duration-ms="3" started-at="2019-03-20T11:46:24Z" finished-at="2019-03-20T11:46:24Z">
    </test> <!-- test2 -->
    <test name="Smoke Test" duration-ms="125" started-at="2019-03-20T11:46:24Z" finished-at="2019-03-20T11:46:24Z">
      <class name="unitTest.FirstTestCase">
        <test-method status="FAIL" signature="firstTest()[pri:0, instance:unitTest.FirstTestCase@17c68925]" name="firstTest" duration-ms="74" started-at="2019-03-20T11:46:24Z" finished-at="2019-03-20T11:46:24Z">
          <exception class="java.lang.NullPointerException">
            <full-stacktrace>
              <![CDATA[java.lang.NullPointerException
at unitTest.FirstTestCase.firstTest(FirstTestCase.java:39)
at sun.reflect.NativeMethodAccessorImpl.invoke0(Native Method)
at sun.reflect.NativeMethodAccessorImpl.invoke(NativeMethodAccessorImpl.java:62)
at sun.reflect.DelegatingMethodAccessorImpl.invoke(DelegatingMethodAccessorImpl.java:43)
at java.lang.reflect.Method.invoke(Method.java:498)
at org.testng.internal.MethodInvocationHelper.invokeMethod(MethodInvocationHelper.java:124)
at org.testng.internal.Invoker.invokeMethod(Invoker.java:583)
at org.testng.internal.Invoker.invokeTestMethod(Invoker.java:719)
at org.testng.internal.Invoker.invokeTestMethods(Invoker.java:989)
at org.testng.internal.TestMethodWorker.invokeTestMethods(TestMethodWorker.java:125)
at org.testng.internal.TestMethodWorker.run(TestMethodWorker.java:109)
at org.testng.TestRunner.privateRun(TestRunner.java:648)
at org.testng.TestRunner.run(TestRunner.java:505)
at org.testng.SuiteRunner.runTest(SuiteRunner.java:455)
at org.testng.SuiteRunner.access$000(SuiteRunner.java:40)
at org.testng.SuiteRunner$SuiteWorker.run(SuiteRunner.java:489)
at org.testng.internal.thread.ThreadUtil$1.call(ThreadUtil.java:52)
at java.util.concurrent.FutureTask.run(FutureTask.java:266)
at java.util.concurrent.ThreadPoolExecutor.runWorker(ThreadPoolExecutor.java:1142)
at java.util.concurrent.ThreadPoolExecutor$Worker.run(ThreadPoolExecutor.java:617)
at java.lang.Thread.run(Thread.java:748)
]]>
            </full-stacktrace>
          </exception> <!-- java.lang.NullPointerException -->
          <reporter-output>
          </reporter-output>
        </test-method> <!-- firstTest -->
      </class> <!-- unitTest.FirstTestCase -->
    </test> <!-- Smoke Test -->
  </suite> <!-- Suite1 -->
</testng-results>
